<?xml version="1.0" encoding="UTF-8"?>
<!-- Generated by org.testng.reporters.JUnitReportReporter -->
<testsuite hostname="SHUBHAM" failures="0" tests="2" name="test.PimTest" time="4.128" errors="0" timestamp="2022-08-24T19:58:33 IST" skipped="0">
  <testcase classname="test.PimTest" name="verifyPimPage" time="2.757"/>
  <system-out/>
  <testcase classname="test.PimTest" name="verifycheckboxIsSelected" time="1.371"/>
  <system-out/>
</testsuite> <!-- test.PimTest -->
